<?xml version="1.0" encoding="UTF-8"?>
<!-- Generated by org.testng.reporters.JUnitXMLReporter -->
<testsuite ignored="0" hostname="LTIN204563" failures="0" tests="3" name="Default test" time="225.463" errors="0" timestamp="2024-02-22T09:38:46 IST">
  <testcase classname="TestCases.TC001_IdentifyCourses" name="WebDevelopmentSearch" time="91.448"/>
  <testcase classname="TestCases.TC001_IdentifyCourses" name="LanguageLearning" time="8.442"/>
  <testcase classname="TestCases.TC001_IdentifyCourses" name="formFill" time="97.094"/>
</testsuite> <!-- Default test -->
