<?xml version="1.0" encoding="UTF-8"?>
<!-- Generated by org.testng.reporters.JUnitXMLReporter -->
<testsuite ignored="4" hostname="LTIN204563" failures="0" tests="16" name="ChromeTest" time="125.79" errors="0" timestamp="2024-02-28T09:32:48 IST">
  <testcase classname="TestCases.TC001_IdentifyCourses" name="InputSearch" time="33.784"/>
  <testcase classname="TestCases.TC001_IdentifyCourses" name="Selection" time="6.227"/>
  <testcase classname="TestCases.TC001_IdentifyCourses" name="PrintCourses1" time="8.935"/>
  <testcase classname="TestCases.TC001_IdentifyCourses" name="PrintCourses2" time="12.53"/>
  <testcase classname="TestCases.TC002_LanguageLearning" name="ClearInput" time="0.616"/>
  <testcase classname="TestCases.TC002_LanguageLearning" name="NewInputSearch" time="1.784"/>
  <testcase classname="TestCases.TC002_LanguageLearning" name="PrintLanguages" time="7.444"/>
  <testcase classname="TestCases.TC002_LanguageLearning" name="CloseButton" time="2.213"/>
  <testcase classname="TestCases.TC002_LanguageLearning" name="PrintLevel" time="1.224"/>
  <testcase classname="TestCases.TC003_ForEnterprise" name="BackToHomePage" time="7.651"/>
  <testcase classname="TestCases.TC003_ForEnterprise" name="ClickEnterprise" time="9.866"/>
  <testcase classname="TestCases.TC003_ForEnterprise" name="ClickSolutions" time="0.22"/>
  <testcase classname="TestCases.TC003_ForEnterprise" name="ClickCampus" time="6.708"/>
  <testcase classname="TestCases.TC003_ForEnterprise" name="FillingForm" time="5.666"/>
  <testcase classname="TestCases.TC003_ForEnterprise" name="SubmitButton" time="0.218"/>
  <testcase classname="TestCases.TC003_ForEnterprise" name="ErrorMessage" time="0.117"/>
  <testcase classname="TestBase.BaseClass" name="@BeforeTest setUp" time="0.0">
    <ignored/>
  </testcase> <!-- @BeforeTest setUp -->
  <testcase classname="TestBase.BaseClass" name="@AfterTest close" time="0.0">
    <ignored/>
  </testcase> <!-- @AfterTest close -->
  <testcase classname="TestBase.BaseClass" name="@AfterTest close" time="0.0">
    <ignored/>
  </testcase> <!-- @AfterTest close -->
  <testcase classname="TestBase.BaseClass" name="@BeforeTest setUp" time="0.0">
    <ignored/>
  </testcase> <!-- @BeforeTest setUp -->
</testsuite> <!-- ChromeTest -->
