<?xml version="1.0" encoding="UTF-8"?>
<!-- Generated by org.testng.reporters.JUnitXMLReporter -->
<testsuite ignored="4" hostname="LTIN204563" failures="1" tests="16" name="EdgeTest" time="148.915" errors="0" timestamp="2024-02-28T09:35:17 IST">
  <testcase classname="TestCases.TC001_IdentifyCourses" name="InputSearch" time="7.494"/>
  <testcase classname="TestCases.TC001_IdentifyCourses" name="Selection" time="5.792"/>
  <testcase classname="TestCases.TC001_IdentifyCourses" name="PrintCourses1" time="9.791"/>
  <testcase classname="TestCases.TC001_IdentifyCourses" name="PrintCourses2" time="14.527"/>
  <testcase classname="TestCases.TC002_LanguageLearning" name="ClearInput" time="0.546"/>
  <testcase classname="TestCases.TC002_LanguageLearning" name="NewInputSearch" time="1.283"/>
  <testcase classname="TestCases.TC002_LanguageLearning" name="PrintLanguages" time="10.237"/>
  <testcase classname="TestCases.TC002_LanguageLearning" name="CloseButton" time="2.426"/>
  <testcase classname="TestCases.TC002_LanguageLearning" name="PrintLevel" time="0.924"/>
  <testcase classname="TestCases.TC003_ForEnterprise" name="BackToHomePage" time="8.259"/>
  <testcase classname="TestCases.TC003_ForEnterprise" name="ClickEnterprise" time="12.883"/>
  <testcase classname="TestCases.TC003_ForEnterprise" name="ClickSolutions" time="0.286"/>
  <testcase classname="TestCases.TC003_ForEnterprise" name="ClickCampus" time="7.808"/>
  <testcase classname="TestCases.TC003_ForEnterprise" name="FillingForm" time="7.177"/>
  <testcase classname="TestCases.TC003_ForEnterprise" name="SubmitButton" time="1.291">
    <failure type="org.openqa.selenium.ElementClickInterceptedException" message="element click intercepted: Element &amp;lt;button type=&amp;quot;submit&amp;quot; class=&amp;quot;mktoButton&amp;quot;&amp;gt;...&amp;lt;/button&amp;gt; is not clickable at point (912, 527). Other element would receive the click: &amp;lt;iframe class=&amp;quot;drift-frame-controller&amp;quot; scrolling=&amp;quot;no&amp;quot; title=&amp;quot;Drift Widget Chat Controller&amp;quot; allow=&amp;quot;autoplay; encrypted-media; fullscreen;&amp;quot; frameborder=&amp;quot;0&amp;quot; src=&amp;quot;https://js.driftt.com/core?d=1&amp;amp;amp;embedId=mpta5ez37rme&amp;amp;amp;eId=mpta5ez37rme&amp;amp;amp;region=US&amp;amp;amp;forceShow=false&amp;amp;amp;skipCampaigns=false&amp;amp;amp;sessionId=e5c294f8-90dd-430d-a15b-abc88b4a54ac&amp;amp;amp;sessionStarted=1709093066.68&amp;amp;amp;campaignRefreshToken=64e1effa-741d-4876-b70e-c257069cc7f5&amp;amp;amp;hideController=false&amp;amp;amp;pageLoadStartTime=1709093072408&amp;amp;amp;mode=CHAT&amp;amp;amp;driftEnableLog=false&amp;amp;amp;secureIframe=false&amp;amp;amp;u=https%3A%2F%2Fwww.coursera.org%2Fcampus%3Futm_campaign%3Dwebsite%26utm_content%3Dcorp-to-home-footer-for-enterprise%26utm_medium%3Dcoursera%26utm_source%3Denterprise&amp;quot; style=&amp;quot;background: transparent; width: 360px; max-width: 100%; height: 100px; border: none;&amp;quot;&amp;gt;&amp;lt;/iframe&amp;gt;
  (Session info: MicrosoftEdge=122.0.2365.52)
Build info: version: &amp;apos;4.17.0&amp;apos;, revision: &amp;apos;e52b1be057*&amp;apos;
System info: os.name: &amp;apos;Windows 11&amp;apos;, os.arch: &amp;apos;amd64&amp;apos;, os.version: &amp;apos;10.0&amp;apos;, java.version: &amp;apos;17.0.2&amp;apos;
Driver info: org.openqa.selenium.edge.EdgeDriver
Command: [6a284c218e3902d804bf12ce787a6c45, clickElement {id=f.7A2928EEA5364D1B5395C175A5802E51.d.2EDE7A3A427FCADA9BEF4BB07809F8CC.e.479}]
Capabilities {acceptInsecureCerts: false, browserName: MicrosoftEdge, browserVersion: 122.0.2365.52, fedcm:accounts: true, ms:edgeOptions: {debuggerAddress: localhost:50916}, msedge: {msedgedriverVersion: 122.0.2365.52 (dcf246d1e496..., userDataDir: C:\WINDOWS\SystemTemp\scope...}, networkConnectionEnabled: false, pageLoadStrategy: normal, platformName: windows, proxy: Proxy(), se:cdp: ws://localhost:50916/devtoo..., se:cdpVersion: 122.0.2365.52, setWindowRect: true, strictFileInteractability: false, timeouts: {implicit: 0, pageLoad: 300000, script: 30000}, unhandledPromptBehavior: dismiss and notify, webauthn:extension:credBlob: true, webauthn:extension:largeBlob: true, webauthn:extension:minPinLength: true, webauthn:extension:prf: true, webauthn:virtualAuthenticators: true}
Element: [[EdgeDriver: MicrosoftEdge on windows (6a284c218e3902d804bf12ce787a6c45)] -&amp;gt; xpath: //button[text()=&amp;apos;Submit&amp;apos;]]
Session ID: 6a284c218e3902d804bf12ce787a6c45">
      <![CDATA[org.openqa.selenium.ElementClickInterceptedException: element click intercepted: Element <button type="submit" class="mktoButton">...</button> is not clickable at point (912, 527). Other element would receive the click: <iframe class="drift-frame-controller" scrolling="no" title="Drift Widget Chat Controller" allow="autoplay; encrypted-media; fullscreen;" frameborder="0" src="https://js.driftt.com/core?d=1&amp;embedId=mpta5ez37rme&amp;eId=mpta5ez37rme&amp;region=US&amp;forceShow=false&amp;skipCampaigns=false&amp;sessionId=e5c294f8-90dd-430d-a15b-abc88b4a54ac&amp;sessionStarted=1709093066.68&amp;campaignRefreshToken=64e1effa-741d-4876-b70e-c257069cc7f5&amp;hideController=false&amp;pageLoadStartTime=1709093072408&amp;mode=CHAT&amp;driftEnableLog=false&amp;secureIframe=false&amp;u=https%3A%2F%2Fwww.coursera.org%2Fcampus%3Futm_campaign%3Dwebsite%26utm_content%3Dcorp-to-home-footer-for-enterprise%26utm_medium%3Dcoursera%26utm_source%3Denterprise" style="background: transparent; width: 360px; max-width: 100%; height: 100px; border: none;"></iframe>
  (Session info: MicrosoftEdge=122.0.2365.52)
Build info: version: '4.17.0', revision: 'e52b1be057*'
System info: os.name: 'Windows 11', os.arch: 'amd64', os.version: '10.0', java.version: '17.0.2'
Driver info: org.openqa.selenium.edge.EdgeDriver
Command: [6a284c218e3902d804bf12ce787a6c45, clickElement {id=f.7A2928EEA5364D1B5395C175A5802E51.d.2EDE7A3A427FCADA9BEF4BB07809F8CC.e.479}]
Capabilities {acceptInsecureCerts: false, browserName: MicrosoftEdge, browserVersion: 122.0.2365.52, fedcm:accounts: true, ms:edgeOptions: {debuggerAddress: localhost:50916}, msedge: {msedgedriverVersion: 122.0.2365.52 (dcf246d1e496..., userDataDir: C:\WINDOWS\SystemTemp\scope...}, networkConnectionEnabled: false, pageLoadStrategy: normal, platformName: windows, proxy: Proxy(), se:cdp: ws://localhost:50916/devtoo..., se:cdpVersion: 122.0.2365.52, setWindowRect: true, strictFileInteractability: false, timeouts: {implicit: 0, pageLoad: 300000, script: 30000}, unhandledPromptBehavior: dismiss and notify, webauthn:extension:credBlob: true, webauthn:extension:largeBlob: true, webauthn:extension:minPinLength: true, webauthn:extension:prf: true, webauthn:virtualAuthenticators: true}
Element: [[EdgeDriver: MicrosoftEdge on windows (6a284c218e3902d804bf12ce787a6c45)] -> xpath: //button[text()='Submit']]
Session ID: 6a284c218e3902d804bf12ce787a6c45
at org.openqa.selenium.remote.codec.w3c.W3CHttpResponseCodec.createException(W3CHttpResponseCodec.java:185)
at org.openqa.selenium.remote.codec.w3c.W3CHttpResponseCodec.decode(W3CHttpResponseCodec.java:134)
at org.openqa.selenium.remote.codec.w3c.W3CHttpResponseCodec.decode(W3CHttpResponseCodec.java:51)
at org.openqa.selenium.remote.HttpCommandExecutor.execute(HttpCommandExecutor.java:190)
at org.openqa.selenium.remote.service.DriverCommandExecutor.invokeExecute(DriverCommandExecutor.java:216)
at org.openqa.selenium.remote.service.DriverCommandExecutor.execute(DriverCommandExecutor.java:174)
at org.openqa.selenium.remote.RemoteWebDriver.execute(RemoteWebDriver.java:519)
at org.openqa.selenium.remote.RemoteWebElement.execute(RemoteWebElement.java:223)
at org.openqa.selenium.remote.RemoteWebElement.click(RemoteWebElement.java:76)
at org.openqa.selenium.support.pagefactory.internal.LocatingElementHandler.invoke(LocatingElementHandler.java:51)
at jdk.proxy2/jdk.proxy2.$Proxy49.click(Unknown Source)
at PageObjects.ForEnterprise.submitButton(ForEnterprise.java:212)
at TestCases.TC003_ForEnterprise.SubmitButton(TC003_ForEnterprise.java:76)
at java.base/java.util.ArrayList.forEach(ArrayList.java:1511)
... Removed 35 stack frames]]>
    </failure>
  </testcase> <!-- SubmitButton -->
  <testcase classname="TestCases.TC003_ForEnterprise" name="ErrorMessage" time="26.233"/>
  <testcase classname="TestBase.BaseClass" name="@AfterTest close" time="0.0">
    <ignored/>
  </testcase> <!-- @AfterTest close -->
  <testcase classname="TestBase.BaseClass" name="@BeforeTest setUp" time="0.0">
    <ignored/>
  </testcase> <!-- @BeforeTest setUp -->
  <testcase classname="TestBase.BaseClass" name="@BeforeTest setUp" time="0.0">
    <ignored/>
  </testcase> <!-- @BeforeTest setUp -->
  <testcase classname="TestBase.BaseClass" name="@AfterTest close" time="0.0">
    <ignored/>
  </testcase> <!-- @AfterTest close -->
</testsuite> <!-- EdgeTest -->
