<?xml version="1.0" encoding="UTF-8"?>
<!-- Generated by org.testng.reporters.JUnitXMLReporter -->
<testsuite ignored="4" hostname="LTIN204563" failures="0" tests="16" name="Test" time="191.04" errors="0" timestamp="2024-02-28T10:52:19 IST">
  <testcase classname="TestCases.TC001_IdentifyCourses" name="InputSearch" time="10.11"/>
  <testcase classname="TestCases.TC001_IdentifyCourses" name="Selection" time="7.481"/>
  <testcase classname="TestCases.TC001_IdentifyCourses" name="PrintCourses1" time="16.16"/>
  <testcase classname="TestCases.TC001_IdentifyCourses" name="PrintCourses2" time="9.534"/>
  <testcase classname="TestCases.TC002_LanguageLearning" name="ClearInput" time="0.664"/>
  <testcase classname="TestCases.TC002_LanguageLearning" name="NewInputSearch" time="1.578"/>
  <testcase classname="TestCases.TC002_LanguageLearning" name="PrintLanguages" time="6.118"/>
  <testcase classname="TestCases.TC002_LanguageLearning" name="CloseButton" time="2.268"/>
  <testcase classname="TestCases.TC002_LanguageLearning" name="PrintLevel" time="1.447"/>
  <testcase classname="TestCases.TC003_ForEnterprise" name="BackToHomePage" time="12.447"/>
  <testcase classname="TestCases.TC003_ForEnterprise" name="ClickEnterprise" time="15.033"/>
  <testcase classname="TestCases.TC003_ForEnterprise" name="ClickSolutions" time="0.593"/>
  <testcase classname="TestCases.TC003_ForEnterprise" name="ClickCampus" time="7.622"/>
  <testcase classname="TestCases.TC003_ForEnterprise" name="FillingForm" time="8.206"/>
  <testcase classname="TestCases.TC003_ForEnterprise" name="SubmitButton" time="0.2"/>
  <testcase classname="TestCases.TC003_ForEnterprise" name="ErrorMessage" time="0.151"/>
  <testcase classname="TestBase.BaseClass" name="@BeforeTest setUp" time="0.0">
    <ignored/>
  </testcase> <!-- @BeforeTest setUp -->
  <testcase classname="TestBase.BaseClass" name="@AfterTest close" time="0.0">
    <ignored/>
  </testcase> <!-- @AfterTest close -->
  <testcase classname="TestBase.BaseClass" name="@AfterTest close" time="0.0">
    <ignored/>
  </testcase> <!-- @AfterTest close -->
  <testcase classname="TestBase.BaseClass" name="@BeforeTest setUp" time="0.0">
    <ignored/>
  </testcase> <!-- @BeforeTest setUp -->
</testsuite> <!-- Test -->
